[2025-08-16 13:57:43.997] [exthost] [info] extension host started
[2025-08-16 13:57:44.331] [exthost] [info] extension host started
[2025-08-16 13:57:44.363] [exthost] [info] ExtensionService#_doActivateExtension vscode.configuration-editing {"startup":false,"extensionId":{"value":"vscode.configuration-editing","_lower":"vscode.configuration-editing"},"activationEvent":"onLanguage:jsonc"}
[2025-08-16 13:57:44.364] [exthost] [info] ExtensionService#loadCommonJSModule file:///c:/Users/Thiago Sales/.p2/pool/plugins/com.genuitec.eclipse.code.engine.app.win32.x86_64_3.6.0.202002212104/engine/resources/app/extensions/configuration-editing/dist/extension
[2025-08-16 13:57:44.444] [exthost] [info] ExtensionService#_doActivateExtension vscode.json-language-features {"startup":false,"extensionId":{"value":"vscode.json-language-features","_lower":"vscode.json-language-features"},"activationEvent":"onLanguage:jsonc"}
[2025-08-16 13:57:44.445] [exthost] [info] ExtensionService#loadCommonJSModule file:///c:/Users/Thiago Sales/.p2/pool/plugins/com.genuitec.eclipse.code.engine.app.win32.x86_64_3.6.0.202002212104/engine/resources/app/extensions/json-language-features/client/dist/jsonMain
[2025-08-16 13:57:44.650] [exthost] [info] ExtensionService#_doActivateExtension vscode.typescript-language-features {"startup":false,"extensionId":{"value":"vscode.typescript-language-features","_lower":"vscode.typescript-language-features"},"activationEvent":"onLanguage:jsonc"}
[2025-08-16 13:57:44.650] [exthost] [info] ExtensionService#loadCommonJSModule file:///c:/Users/Thiago Sales/.p2/pool/plugins/com.genuitec.eclipse.code.engine.app.win32.x86_64_3.6.0.202002212104/engine/resources/app/extensions/typescript-language-features/dist/extension
[2025-08-16 13:57:44.689] [exthost] [info] ExtensionService#_doActivateExtension vscode.grunt {"startup":false,"extensionId":{"value":"vscode.grunt","_lower":"vscode.grunt"},"activationEvent":"onCommand:workbench.action.tasks.runTask"}
[2025-08-16 13:57:44.689] [exthost] [info] ExtensionService#loadCommonJSModule file:///c:/Users/Thiago Sales/.p2/pool/plugins/com.genuitec.eclipse.code.engine.app.win32.x86_64_3.6.0.202002212104/engine/resources/app/extensions/grunt/dist/main
[2025-08-16 13:57:44.694] [exthost] [info] ExtensionService#_doActivateExtension vscode.gulp {"startup":false,"extensionId":{"value":"vscode.gulp","_lower":"vscode.gulp"},"activationEvent":"onCommand:workbench.action.tasks.runTask"}
[2025-08-16 13:57:44.694] [exthost] [info] ExtensionService#loadCommonJSModule file:///c:/Users/Thiago Sales/.p2/pool/plugins/com.genuitec.eclipse.code.engine.app.win32.x86_64_3.6.0.202002212104/engine/resources/app/extensions/gulp/dist/main
[2025-08-16 13:57:44.699] [exthost] [info] ExtensionService#_doActivateExtension vscode.jake {"startup":false,"extensionId":{"value":"vscode.jake","_lower":"vscode.jake"},"activationEvent":"onCommand:workbench.action.tasks.runTask"}
[2025-08-16 13:57:44.699] [exthost] [info] ExtensionService#loadCommonJSModule file:///c:/Users/Thiago Sales/.p2/pool/plugins/com.genuitec.eclipse.code.engine.app.win32.x86_64_3.6.0.202002212104/engine/resources/app/extensions/jake/dist/main
[2025-08-16 13:57:44.704] [exthost] [info] ExtensionService#_doActivateExtension vscode.npm {"startup":false,"extensionId":{"value":"vscode.npm","_lower":"vscode.npm"},"activationEvent":"onCommand:workbench.action.tasks.runTask"}
[2025-08-16 13:57:44.704] [exthost] [info] ExtensionService#loadCommonJSModule file:///c:/Users/Thiago Sales/.p2/pool/plugins/com.genuitec.eclipse.code.engine.app.win32.x86_64_3.6.0.202002212104/engine/resources/app/extensions/npm/dist/main
[2025-08-16 13:57:44.718] [exthost] [info] ExtensionService#_doActivateExtension HookyQR.beautify {"startup":true,"extensionId":{"value":"HookyQR.beautify","_lower":"hookyqr.beautify"},"activationEvent":"*"}
[2025-08-16 13:57:44.718] [exthost] [info] ExtensionService#loadCommonJSModule file:///c:/Users/Thiago Sales/.p2/pool/plugins/pack.core.win_3.6.0.202007171759/HookyQR.beautify-1.4.11/extension
[2025-08-16 13:57:44.811] [exthost] [info] ExtensionService#_doActivateExtension christian-kohler.path-intellisense {"startup":true,"extensionId":{"value":"christian-kohler.path-intellisense","_lower":"christian-kohler.path-intellisense"},"activationEvent":"*"}
[2025-08-16 13:57:44.811] [exthost] [info] ExtensionService#loadCommonJSModule file:///c:/Users/Thiago Sales/.p2/pool/plugins/pack.core.win_3.6.0.202007171759/christian-kohler.path-intellisense-1.4.2/out/src/extension
[2025-08-16 13:57:44.833] [exthost] [info] ExtensionService#_doActivateExtension dbaeumer.vscode-eslint {"startup":true,"extensionId":{"value":"dbaeumer.vscode-eslint","_lower":"dbaeumer.vscode-eslint"},"activationEvent":"*"}
[2025-08-16 13:57:44.833] [exthost] [info] ExtensionService#loadCommonJSModule file:///c:/Users/Thiago Sales/.p2/pool/plugins/pack.core.win_3.6.0.202007171759/dbaeumer.vscode-eslint-1.9.0/client/out/extension
[2025-08-16 13:57:44.852] [exthost] [info] ExtensionService#_doActivateExtension vscode.debug-auto-launch {"startup":true,"extensionId":{"value":"vscode.debug-auto-launch","_lower":"vscode.debug-auto-launch"},"activationEvent":"*"}
[2025-08-16 13:57:44.852] [exthost] [info] ExtensionService#loadCommonJSModule file:///c:/Users/Thiago Sales/.p2/pool/plugins/com.genuitec.eclipse.code.engine.app.win32.x86_64_3.6.0.202002212104/engine/resources/app/extensions/debug-auto-launch/dist/extension
[2025-08-16 13:57:44.857] [exthost] [info] ExtensionService#_doActivateExtension vscode.emmet {"startup":true,"extensionId":{"value":"vscode.emmet","_lower":"vscode.emmet"},"activationEvent":"*"}
[2025-08-16 13:57:44.857] [exthost] [info] ExtensionService#loadCommonJSModule file:///c:/Users/Thiago Sales/.p2/pool/plugins/com.genuitec.eclipse.code.engine.app.win32.x86_64_3.6.0.202002212104/engine/resources/app/extensions/emmet/dist/extension
[2025-08-16 13:57:44.888] [exthost] [info] ExtensionService#_doActivateExtension formulahendry.auto-close-tag {"startup":true,"extensionId":{"value":"formulahendry.auto-close-tag","_lower":"formulahendry.auto-close-tag"},"activationEvent":"*"}
[2025-08-16 13:57:44.888] [exthost] [info] ExtensionService#loadCommonJSModule file:///c:/Users/Thiago Sales/.p2/pool/plugins/pack.core.win_3.6.0.202007171759/formulahendry.auto-close-tag-0.5.6/out/src/extension
[2025-08-16 13:57:44.973] [exthost] [info] eager extensions activated
